running develop
running egg_info
creating interprete.egg-info
writing interprete.egg-info/PKG-INFO
writing dependency_links to interprete.egg-info/dependency_links.txt
writing entry points to interprete.egg-info/entry_points.txt
writing requirements to interprete.egg-info/requires.txt
writing top-level names to interprete.egg-info/top_level.txt
writing manifest file 'interprete.egg-info/SOURCES.txt'
reading manifest file 'interprete.egg-info/SOURCES.txt'
writing manifest file 'interprete.egg-info/SOURCES.txt'
running build_ext
Creating /home/gusgm/sexto/Puzzlebot/reto/install/interprete/lib/python3.10/site-packages/interprete.egg-link (link to .)
Installing interprete script to /home/gusgm/sexto/Puzzlebot/reto/install/interprete/lib/interprete

Installed /home/gusgm/sexto/Puzzlebot/reto/build/interprete
running symlink_data
creating /home/gusgm/sexto/Puzzlebot/reto/install/interprete/share/ament_index
creating /home/gusgm/sexto/Puzzlebot/reto/install/interprete/share/ament_index/resource_index
creating /home/gusgm/sexto/Puzzlebot/reto/install/interprete/share/ament_index/resource_index/packages
symbolically linking /home/gusgm/sexto/Puzzlebot/reto/build/interprete/resource/interprete -> /home/gusgm/sexto/Puzzlebot/reto/install/interprete/share/ament_index/resource_index/packages
symbolically linking /home/gusgm/sexto/Puzzlebot/reto/build/interprete/package.xml -> /home/gusgm/sexto/Puzzlebot/reto/install/interprete/share/interprete
