[0.668s] Invoking command in '/home/gusgm/sexto/Puzzlebot/reto/build/interprete': PYTHONPATH=/home/gusgm/sexto/Puzzlebot/reto/build/interprete/prefix_override:/usr/lib/python3/dist-packages/colcon_core/task/python/colcon_distutils_commands:/home/gusgm/sexto/Puzzlebot/reto/install/interprete/lib/python3.10/site-packages:${PYTHONPATH} /usr/bin/python3 -W ignore:setup.py install is deprecated -W ignore:easy_install command is deprecated setup.py develop --editable --build-directory /home/gusgm/sexto/Puzzlebot/reto/build/interprete/build --no-deps symlink_data
[0.952s] running develop
[1.104s] running egg_info
[1.104s] creating interprete.egg-info
[1.104s] writing interprete.egg-info/PKG-INFO
[1.104s] writing dependency_links to interprete.egg-info/dependency_links.txt
[1.105s] writing entry points to interprete.egg-info/entry_points.txt
[1.105s] writing requirements to interprete.egg-info/requires.txt
[1.105s] writing top-level names to interprete.egg-info/top_level.txt
[1.105s] writing manifest file 'interprete.egg-info/SOURCES.txt'
[1.106s] reading manifest file 'interprete.egg-info/SOURCES.txt'
[1.106s] writing manifest file 'interprete.egg-info/SOURCES.txt'
[1.108s] running build_ext
[1.108s] Creating /home/gusgm/sexto/Puzzlebot/reto/install/interprete/lib/python3.10/site-packages/interprete.egg-link (link to .)
[1.109s] Installing interprete script to /home/gusgm/sexto/Puzzlebot/reto/install/interprete/lib/interprete
[1.109s] 
[1.109s] Installed /home/gusgm/sexto/Puzzlebot/reto/build/interprete
[1.109s] running symlink_data
[1.109s] creating /home/gusgm/sexto/Puzzlebot/reto/install/interprete/share/ament_index
[1.109s] creating /home/gusgm/sexto/Puzzlebot/reto/install/interprete/share/ament_index/resource_index
[1.109s] creating /home/gusgm/sexto/Puzzlebot/reto/install/interprete/share/ament_index/resource_index/packages
[1.109s] symbolically linking /home/gusgm/sexto/Puzzlebot/reto/build/interprete/resource/interprete -> /home/gusgm/sexto/Puzzlebot/reto/install/interprete/share/ament_index/resource_index/packages
[1.109s] symbolically linking /home/gusgm/sexto/Puzzlebot/reto/build/interprete/package.xml -> /home/gusgm/sexto/Puzzlebot/reto/install/interprete/share/interprete
[1.122s] Invoked command in '/home/gusgm/sexto/Puzzlebot/reto/build/interprete' returned '0': PYTHONPATH=/home/gusgm/sexto/Puzzlebot/reto/build/interprete/prefix_override:/usr/lib/python3/dist-packages/colcon_core/task/python/colcon_distutils_commands:/home/gusgm/sexto/Puzzlebot/reto/install/interprete/lib/python3.10/site-packages:${PYTHONPATH} /usr/bin/python3 -W ignore:setup.py install is deprecated -W ignore:easy_install command is deprecated setup.py develop --editable --build-directory /home/gusgm/sexto/Puzzlebot/reto/build/interprete/build --no-deps symlink_data
