[0.149s] DEBUG:colcon:Command line arguments: ['/usr/bin/colcon', 'build', '--symlink-install']
[0.149s] DEBUG:colcon:Parsed command line arguments: Namespace(log_base=None, log_level=None, verb_name='build', build_base='build', install_base='install', merge_install=False, symlink_install=True, test_result_base=None, continue_on_error=False, executor='parallel', parallel_workers=20, event_handlers=None, ignore_user_meta=False, metas=['./colcon.meta'], base_paths=['.'], packages_ignore=None, packages_ignore_regex=None, paths=None, packages_up_to=None, packages_up_to_regex=None, packages_above=None, packages_above_and_dependencies=None, packages_above_depth=None, packages_select_by_dep=None, packages_skip_by_dep=None, packages_skip_up_to=None, packages_select_build_failed=False, packages_skip_build_finished=False, packages_select_test_failures=False, packages_skip_test_passed=False, packages_select=None, packages_skip=None, packages_select_regex=None, packages_skip_regex=None, packages_start=None, packages_end=None, allow_overriding=[], cmake_args=None, cmake_target=None, cmake_target_skip_unavailable=False, cmake_clean_cache=False, cmake_clean_first=False, cmake_force_configure=False, ament_cmake_args=None, catkin_cmake_args=None, catkin_skip_building_tests=False, verb_parser=<colcon_defaults.argument_parser.defaults.DefaultArgumentsDecorator object at 0x78eda741d7b0>, verb_extension=<colcon_core.verb.build.BuildVerb object at 0x78eda7596ce0>, main=<bound method BuildVerb.main of <colcon_core.verb.build.BuildVerb object at 0x78eda7596ce0>>)
[0.387s] Level 1:colcon.colcon_core.package_discovery:discover_packages(colcon_meta) check parameters
[0.387s] Level 1:colcon.colcon_core.package_discovery:discover_packages(recursive) check parameters
[0.387s] Level 1:colcon.colcon_core.package_discovery:discover_packages(ignore) check parameters
[0.387s] Level 1:colcon.colcon_core.package_discovery:discover_packages(path) check parameters
[0.387s] Level 1:colcon.colcon_core.package_discovery:discover_packages(colcon_meta) discover
[0.387s] Level 1:colcon.colcon_core.package_discovery:discover_packages(recursive) discover
[0.387s] INFO:colcon.colcon_core.package_discovery:Crawling recursively for packages in '/home/gusgm/sexto/Puzzlebot/reto'
[0.387s] Level 1:colcon.colcon_core.package_identification:_identify(.) by extensions ['ignore', 'ignore_ament_install']
[0.387s] Level 1:colcon.colcon_core.package_identification:_identify(.) by extension 'ignore'
[0.387s] Level 1:colcon.colcon_core.package_identification:_identify(.) by extension 'ignore_ament_install'
[0.387s] Level 1:colcon.colcon_core.package_identification:_identify(.) by extensions ['colcon_pkg']
[0.387s] Level 1:colcon.colcon_core.package_identification:_identify(.) by extension 'colcon_pkg'
[0.387s] Level 1:colcon.colcon_core.package_identification:_identify(.) by extensions ['colcon_meta']
[0.387s] Level 1:colcon.colcon_core.package_identification:_identify(.) by extension 'colcon_meta'
[0.387s] Level 1:colcon.colcon_core.package_identification:_identify(.) by extensions ['ros']
[0.387s] Level 1:colcon.colcon_core.package_identification:_identify(.) by extension 'ros'
[0.395s] Level 1:colcon.colcon_core.package_identification:_identify(.) by extensions ['cmake', 'python']
[0.395s] Level 1:colcon.colcon_core.package_identification:_identify(.) by extension 'cmake'
[0.395s] Level 1:colcon.colcon_core.package_identification:_identify(.) by extension 'python'
[0.395s] Level 1:colcon.colcon_core.package_identification:_identify(.) by extensions ['python_setup_py']
[0.395s] Level 1:colcon.colcon_core.package_identification:_identify(.) by extension 'python_setup_py'
[0.395s] Level 1:colcon.colcon_core.package_identification:_identify(build) by extensions ['ignore', 'ignore_ament_install']
[0.395s] Level 1:colcon.colcon_core.package_identification:_identify(build) by extension 'ignore'
[0.395s] Level 1:colcon.colcon_core.package_identification:_identify(build) ignored
[0.395s] Level 1:colcon.colcon_core.package_identification:_identify(install) by extensions ['ignore', 'ignore_ament_install']
[0.395s] Level 1:colcon.colcon_core.package_identification:_identify(install) by extension 'ignore'
[0.395s] Level 1:colcon.colcon_core.package_identification:_identify(install) ignored
[0.395s] Level 1:colcon.colcon_core.package_identification:_identify(log) by extensions ['ignore', 'ignore_ament_install']
[0.395s] Level 1:colcon.colcon_core.package_identification:_identify(log) by extension 'ignore'
[0.395s] Level 1:colcon.colcon_core.package_identification:_identify(log) ignored
[0.396s] Level 1:colcon.colcon_core.package_identification:_identify(src) by extensions ['ignore', 'ignore_ament_install']
[0.396s] Level 1:colcon.colcon_core.package_identification:_identify(src) by extension 'ignore'
[0.396s] Level 1:colcon.colcon_core.package_identification:_identify(src) by extension 'ignore_ament_install'
[0.396s] Level 1:colcon.colcon_core.package_identification:_identify(src) by extensions ['colcon_pkg']
[0.396s] Level 1:colcon.colcon_core.package_identification:_identify(src) by extension 'colcon_pkg'
[0.396s] Level 1:colcon.colcon_core.package_identification:_identify(src) by extensions ['colcon_meta']
[0.396s] Level 1:colcon.colcon_core.package_identification:_identify(src) by extension 'colcon_meta'
[0.396s] Level 1:colcon.colcon_core.package_identification:_identify(src) by extensions ['ros']
[0.396s] Level 1:colcon.colcon_core.package_identification:_identify(src) by extension 'ros'
[0.396s] Level 1:colcon.colcon_core.package_identification:_identify(src) by extensions ['cmake', 'python']
[0.396s] Level 1:colcon.colcon_core.package_identification:_identify(src) by extension 'cmake'
[0.396s] Level 1:colcon.colcon_core.package_identification:_identify(src) by extension 'python'
[0.396s] Level 1:colcon.colcon_core.package_identification:_identify(src) by extensions ['python_setup_py']
[0.396s] Level 1:colcon.colcon_core.package_identification:_identify(src) by extension 'python_setup_py'
[0.396s] Level 1:colcon.colcon_core.package_identification:_identify(src/interprete) by extensions ['ignore', 'ignore_ament_install']
[0.396s] Level 1:colcon.colcon_core.package_identification:_identify(src/interprete) by extension 'ignore'
[0.396s] Level 1:colcon.colcon_core.package_identification:_identify(src/interprete) by extension 'ignore_ament_install'
[0.396s] Level 1:colcon.colcon_core.package_identification:_identify(src/interprete) by extensions ['colcon_pkg']
[0.396s] Level 1:colcon.colcon_core.package_identification:_identify(src/interprete) by extension 'colcon_pkg'
[0.396s] Level 1:colcon.colcon_core.package_identification:_identify(src/interprete) by extensions ['colcon_meta']
[0.396s] Level 1:colcon.colcon_core.package_identification:_identify(src/interprete) by extension 'colcon_meta'
[0.396s] Level 1:colcon.colcon_core.package_identification:_identify(src/interprete) by extensions ['ros']
[0.396s] Level 1:colcon.colcon_core.package_identification:_identify(src/interprete) by extension 'ros'
[0.398s] DEBUG:colcon.colcon_core.package_identification:Package 'src/interprete' with type 'ros.ament_python' and name 'interprete'
[0.398s] Level 1:colcon.colcon_core.package_identification:_identify(src/seguidor_poligonos) by extensions ['ignore', 'ignore_ament_install']
[0.398s] Level 1:colcon.colcon_core.package_identification:_identify(src/seguidor_poligonos) by extension 'ignore'
[0.398s] Level 1:colcon.colcon_core.package_identification:_identify(src/seguidor_poligonos) by extension 'ignore_ament_install'
[0.398s] Level 1:colcon.colcon_core.package_identification:_identify(src/seguidor_poligonos) by extensions ['colcon_pkg']
[0.398s] Level 1:colcon.colcon_core.package_identification:_identify(src/seguidor_poligonos) by extension 'colcon_pkg'
[0.398s] Level 1:colcon.colcon_core.package_identification:_identify(src/seguidor_poligonos) by extensions ['colcon_meta']
[0.398s] Level 1:colcon.colcon_core.package_identification:_identify(src/seguidor_poligonos) by extension 'colcon_meta'
[0.398s] Level 1:colcon.colcon_core.package_identification:_identify(src/seguidor_poligonos) by extensions ['ros']
[0.398s] Level 1:colcon.colcon_core.package_identification:_identify(src/seguidor_poligonos) by extension 'ros'
[0.398s] DEBUG:colcon.colcon_core.package_identification:Package 'src/seguidor_poligonos' with type 'ros.ament_python' and name 'seguidor_poligonos'
[0.399s] Level 1:colcon.colcon_core.package_identification:_identify(src/seguidor_triangular_OLC) by extensions ['ignore', 'ignore_ament_install']
[0.399s] Level 1:colcon.colcon_core.package_identification:_identify(src/seguidor_triangular_OLC) by extension 'ignore'
[0.399s] Level 1:colcon.colcon_core.package_identification:_identify(src/seguidor_triangular_OLC) by extension 'ignore_ament_install'
[0.399s] Level 1:colcon.colcon_core.package_identification:_identify(src/seguidor_triangular_OLC) by extensions ['colcon_pkg']
[0.399s] Level 1:colcon.colcon_core.package_identification:_identify(src/seguidor_triangular_OLC) by extension 'colcon_pkg'
[0.399s] Level 1:colcon.colcon_core.package_identification:_identify(src/seguidor_triangular_OLC) by extensions ['colcon_meta']
[0.399s] Level 1:colcon.colcon_core.package_identification:_identify(src/seguidor_triangular_OLC) by extension 'colcon_meta'
[0.399s] Level 1:colcon.colcon_core.package_identification:_identify(src/seguidor_triangular_OLC) by extensions ['ros']
[0.399s] Level 1:colcon.colcon_core.package_identification:_identify(src/seguidor_triangular_OLC) by extension 'ros'
[0.399s] DEBUG:colcon.colcon_core.package_identification:Package 'src/seguidor_triangular_OLC' with type 'ros.ament_python' and name 'seguidor_triangular_OLC'
[0.399s] Level 1:colcon.colcon_core.package_discovery:discover_packages(recursive) using defaults
[0.399s] Level 1:colcon.colcon_core.package_discovery:discover_packages(ignore) discover
[0.399s] Level 1:colcon.colcon_core.package_discovery:discover_packages(ignore) using defaults
[0.399s] Level 1:colcon.colcon_core.package_discovery:discover_packages(path) discover
[0.399s] Level 1:colcon.colcon_core.package_discovery:discover_packages(path) using defaults
[0.430s] Level 1:colcon.colcon_core.package_discovery:discover_packages(prefix_path) check parameters
[0.430s] Level 1:colcon.colcon_core.package_discovery:discover_packages(prefix_path) discover
[0.438s] DEBUG:colcon.colcon_installed_package_information.package_discovery:Found 12 installed packages in /home/gusgm/turtlebot_ws/install
[0.442s] DEBUG:colcon.colcon_installed_package_information.package_discovery:Found 346 installed packages in /home/gusgm/ros2_humble/install
[0.443s] DEBUG:colcon.colcon_installed_package_information.package_discovery:Found 3 installed packages in /home/gusgm/uros_ws/install
[0.443s] DEBUG:colcon.colcon_installed_package_information.package_discovery:Found 338 installed packages in /opt/ros/humble
[0.449s] Level 1:colcon.colcon_core.package_discovery:discover_packages(prefix_path) using defaults
[0.769s] Level 5:colcon.colcon_core.verb:set package 'interprete' build argument 'cmake_args' from command line to 'None'
[0.769s] Level 5:colcon.colcon_core.verb:set package 'interprete' build argument 'cmake_target' from command line to 'None'
[0.769s] Level 5:colcon.colcon_core.verb:set package 'interprete' build argument 'cmake_target_skip_unavailable' from command line to 'False'
[0.769s] Level 5:colcon.colcon_core.verb:set package 'interprete' build argument 'cmake_clean_cache' from command line to 'False'
[0.769s] Level 5:colcon.colcon_core.verb:set package 'interprete' build argument 'cmake_clean_first' from command line to 'False'
[0.769s] Level 5:colcon.colcon_core.verb:set package 'interprete' build argument 'cmake_force_configure' from command line to 'False'
[0.769s] Level 5:colcon.colcon_core.verb:set package 'interprete' build argument 'ament_cmake_args' from command line to 'None'
[0.769s] Level 5:colcon.colcon_core.verb:set package 'interprete' build argument 'catkin_cmake_args' from command line to 'None'
[0.769s] Level 5:colcon.colcon_core.verb:set package 'interprete' build argument 'catkin_skip_building_tests' from command line to 'False'
[0.769s] DEBUG:colcon.colcon_core.verb:Building package 'interprete' with the following arguments: {'ament_cmake_args': None, 'build_base': '/home/gusgm/sexto/Puzzlebot/reto/build/interprete', 'catkin_cmake_args': None, 'catkin_skip_building_tests': False, 'cmake_args': None, 'cmake_clean_cache': False, 'cmake_clean_first': False, 'cmake_force_configure': False, 'cmake_target': None, 'cmake_target_skip_unavailable': False, 'install_base': '/home/gusgm/sexto/Puzzlebot/reto/install/interprete', 'merge_install': False, 'path': '/home/gusgm/sexto/Puzzlebot/reto/src/interprete', 'symlink_install': True, 'test_result_base': None}
[0.769s] Level 5:colcon.colcon_core.verb:set package 'seguidor_poligonos' build argument 'cmake_args' from command line to 'None'
[0.769s] Level 5:colcon.colcon_core.verb:set package 'seguidor_poligonos' build argument 'cmake_target' from command line to 'None'
[0.769s] Level 5:colcon.colcon_core.verb:set package 'seguidor_poligonos' build argument 'cmake_target_skip_unavailable' from command line to 'False'
[0.769s] Level 5:colcon.colcon_core.verb:set package 'seguidor_poligonos' build argument 'cmake_clean_cache' from command line to 'False'
[0.769s] Level 5:colcon.colcon_core.verb:set package 'seguidor_poligonos' build argument 'cmake_clean_first' from command line to 'False'
[0.769s] Level 5:colcon.colcon_core.verb:set package 'seguidor_poligonos' build argument 'cmake_force_configure' from command line to 'False'
[0.769s] Level 5:colcon.colcon_core.verb:set package 'seguidor_poligonos' build argument 'ament_cmake_args' from command line to 'None'
[0.770s] Level 5:colcon.colcon_core.verb:set package 'seguidor_poligonos' build argument 'catkin_cmake_args' from command line to 'None'
[0.770s] Level 5:colcon.colcon_core.verb:set package 'seguidor_poligonos' build argument 'catkin_skip_building_tests' from command line to 'False'
[0.770s] DEBUG:colcon.colcon_core.verb:Building package 'seguidor_poligonos' with the following arguments: {'ament_cmake_args': None, 'build_base': '/home/gusgm/sexto/Puzzlebot/reto/build/seguidor_poligonos', 'catkin_cmake_args': None, 'catkin_skip_building_tests': False, 'cmake_args': None, 'cmake_clean_cache': False, 'cmake_clean_first': False, 'cmake_force_configure': False, 'cmake_target': None, 'cmake_target_skip_unavailable': False, 'install_base': '/home/gusgm/sexto/Puzzlebot/reto/install/seguidor_poligonos', 'merge_install': False, 'path': '/home/gusgm/sexto/Puzzlebot/reto/src/seguidor_poligonos', 'symlink_install': True, 'test_result_base': None}
[0.770s] Level 5:colcon.colcon_core.verb:set package 'seguidor_triangular_OLC' build argument 'cmake_args' from command line to 'None'
[0.770s] Level 5:colcon.colcon_core.verb:set package 'seguidor_triangular_OLC' build argument 'cmake_target' from command line to 'None'
[0.770s] Level 5:colcon.colcon_core.verb:set package 'seguidor_triangular_OLC' build argument 'cmake_target_skip_unavailable' from command line to 'False'
[0.770s] Level 5:colcon.colcon_core.verb:set package 'seguidor_triangular_OLC' build argument 'cmake_clean_cache' from command line to 'False'
[0.770s] Level 5:colcon.colcon_core.verb:set package 'seguidor_triangular_OLC' build argument 'cmake_clean_first' from command line to 'False'
[0.770s] Level 5:colcon.colcon_core.verb:set package 'seguidor_triangular_OLC' build argument 'cmake_force_configure' from command line to 'False'
[0.770s] Level 5:colcon.colcon_core.verb:set package 'seguidor_triangular_OLC' build argument 'ament_cmake_args' from command line to 'None'
[0.770s] Level 5:colcon.colcon_core.verb:set package 'seguidor_triangular_OLC' build argument 'catkin_cmake_args' from command line to 'None'
[0.770s] Level 5:colcon.colcon_core.verb:set package 'seguidor_triangular_OLC' build argument 'catkin_skip_building_tests' from command line to 'False'
[0.770s] DEBUG:colcon.colcon_core.verb:Building package 'seguidor_triangular_OLC' with the following arguments: {'ament_cmake_args': None, 'build_base': '/home/gusgm/sexto/Puzzlebot/reto/build/seguidor_triangular_OLC', 'catkin_cmake_args': None, 'catkin_skip_building_tests': False, 'cmake_args': None, 'cmake_clean_cache': False, 'cmake_clean_first': False, 'cmake_force_configure': False, 'cmake_target': None, 'cmake_target_skip_unavailable': False, 'install_base': '/home/gusgm/sexto/Puzzlebot/reto/install/seguidor_triangular_OLC', 'merge_install': False, 'path': '/home/gusgm/sexto/Puzzlebot/reto/src/seguidor_triangular_OLC', 'symlink_install': True, 'test_result_base': None}
[0.770s] INFO:colcon.colcon_core.executor:Executing jobs using 'parallel' executor
[0.771s] DEBUG:colcon.colcon_parallel_executor.executor.parallel:run_until_complete
[0.771s] INFO:colcon.colcon_ros.task.ament_python.build:Building ROS package in '/home/gusgm/sexto/Puzzlebot/reto/src/interprete' with build type 'ament_python'
[0.771s] Level 1:colcon.colcon_core.shell:create_environment_hook('interprete', 'ament_prefix_path')
[0.775s] INFO:colcon.colcon_core.plugin_system:Skipping extension 'colcon_core.shell.bat': Not used on non-Windows systems
[0.775s] INFO:colcon.colcon_core.shell:Creating environment hook '/home/gusgm/sexto/Puzzlebot/reto/install/interprete/share/interprete/hook/ament_prefix_path.ps1'
[0.776s] INFO:colcon.colcon_core.shell:Creating environment descriptor '/home/gusgm/sexto/Puzzlebot/reto/install/interprete/share/interprete/hook/ament_prefix_path.dsv'
[0.776s] INFO:colcon.colcon_core.shell:Creating environment hook '/home/gusgm/sexto/Puzzlebot/reto/install/interprete/share/interprete/hook/ament_prefix_path.sh'
[0.777s] INFO:colcon.colcon_core.shell:Skip shell extension 'powershell' for command environment: Not usable outside of PowerShell
[0.777s] DEBUG:colcon.colcon_core.shell:Skip shell extension 'dsv' for command environment
[0.788s] INFO:colcon.colcon_ros.task.ament_python.build:Building ROS package in '/home/gusgm/sexto/Puzzlebot/reto/src/seguidor_poligonos' with build type 'ament_python'
[0.788s] Level 1:colcon.colcon_core.shell:create_environment_hook('seguidor_poligonos', 'ament_prefix_path')
[0.788s] INFO:colcon.colcon_core.shell:Creating environment hook '/home/gusgm/sexto/Puzzlebot/reto/install/seguidor_poligonos/share/seguidor_poligonos/hook/ament_prefix_path.ps1'
[0.788s] INFO:colcon.colcon_core.shell:Creating environment descriptor '/home/gusgm/sexto/Puzzlebot/reto/install/seguidor_poligonos/share/seguidor_poligonos/hook/ament_prefix_path.dsv'
[0.788s] INFO:colcon.colcon_core.shell:Creating environment hook '/home/gusgm/sexto/Puzzlebot/reto/install/seguidor_poligonos/share/seguidor_poligonos/hook/ament_prefix_path.sh'
[0.789s] INFO:colcon.colcon_core.shell:Skip shell extension 'powershell' for command environment: Not usable outside of PowerShell
[0.789s] DEBUG:colcon.colcon_core.shell:Skip shell extension 'dsv' for command environment
[0.799s] INFO:colcon.colcon_ros.task.ament_python.build:Building ROS package in '/home/gusgm/sexto/Puzzlebot/reto/src/seguidor_triangular_OLC' with build type 'ament_python'
[0.799s] Level 1:colcon.colcon_core.shell:create_environment_hook('seguidor_triangular_OLC', 'ament_prefix_path')
[0.799s] INFO:colcon.colcon_core.shell:Creating environment hook '/home/gusgm/sexto/Puzzlebot/reto/install/seguidor_triangular_OLC/share/seguidor_triangular_OLC/hook/ament_prefix_path.ps1'
[0.799s] INFO:colcon.colcon_core.shell:Creating environment descriptor '/home/gusgm/sexto/Puzzlebot/reto/install/seguidor_triangular_OLC/share/seguidor_triangular_OLC/hook/ament_prefix_path.dsv'
[0.800s] INFO:colcon.colcon_core.shell:Creating environment hook '/home/gusgm/sexto/Puzzlebot/reto/install/seguidor_triangular_OLC/share/seguidor_triangular_OLC/hook/ament_prefix_path.sh'
[0.800s] INFO:colcon.colcon_core.shell:Skip shell extension 'powershell' for command environment: Not usable outside of PowerShell
[0.800s] DEBUG:colcon.colcon_core.shell:Skip shell extension 'dsv' for command environment
[1.079s] INFO:colcon.colcon_core.task.python.build:Building Python package in '/home/gusgm/sexto/Puzzlebot/reto/src/interprete'
[1.079s] INFO:colcon.colcon_core.shell:Skip shell extension 'powershell' for command environment: Not usable outside of PowerShell
[1.079s] DEBUG:colcon.colcon_core.shell:Skip shell extension 'dsv' for command environment
[1.359s] INFO:colcon.colcon_core.task.python.build:Building Python package in '/home/gusgm/sexto/Puzzlebot/reto/src/seguidor_poligonos'
[1.359s] INFO:colcon.colcon_core.shell:Skip shell extension 'powershell' for command environment: Not usable outside of PowerShell
[1.359s] DEBUG:colcon.colcon_core.shell:Skip shell extension 'dsv' for command environment
[1.636s] INFO:colcon.colcon_core.task.python.build:Building Python package in '/home/gusgm/sexto/Puzzlebot/reto/src/seguidor_triangular_OLC'
[1.636s] INFO:colcon.colcon_core.shell:Skip shell extension 'powershell' for command environment: Not usable outside of PowerShell
[1.636s] DEBUG:colcon.colcon_core.shell:Skip shell extension 'dsv' for command environment
[2.081s] DEBUG:colcon.colcon_core.event_handler.log_command:Invoking command in '/home/gusgm/sexto/Puzzlebot/reto/build/seguidor_poligonos': PYTHONPATH=/home/gusgm/sexto/Puzzlebot/reto/build/seguidor_poligonos/prefix_override:/usr/lib/python3/dist-packages/colcon_core/task/python/colcon_distutils_commands:/home/gusgm/sexto/Puzzlebot/reto/install/seguidor_poligonos/lib/python3.10/site-packages:${PYTHONPATH} /usr/bin/python3 -W ignore:setup.py install is deprecated -W ignore:easy_install command is deprecated setup.py develop --editable --build-directory /home/gusgm/sexto/Puzzlebot/reto/build/seguidor_poligonos/build --no-deps symlink_data
[2.086s] DEBUG:colcon.colcon_core.event_handler.log_command:Invoking command in '/home/gusgm/sexto/Puzzlebot/reto/build/interprete': PYTHONPATH=/home/gusgm/sexto/Puzzlebot/reto/build/interprete/prefix_override:/usr/lib/python3/dist-packages/colcon_core/task/python/colcon_distutils_commands:/home/gusgm/sexto/Puzzlebot/reto/install/interprete/lib/python3.10/site-packages:${PYTHONPATH} /usr/bin/python3 -W ignore:setup.py install is deprecated -W ignore:easy_install command is deprecated setup.py develop --editable --build-directory /home/gusgm/sexto/Puzzlebot/reto/build/interprete/build --no-deps symlink_data
[2.089s] DEBUG:colcon.colcon_core.event_handler.log_command:Invoking command in '/home/gusgm/sexto/Puzzlebot/reto/build/seguidor_triangular_OLC': PYTHONPATH=/home/gusgm/sexto/Puzzlebot/reto/build/seguidor_triangular_OLC/prefix_override:/usr/lib/python3/dist-packages/colcon_core/task/python/colcon_distutils_commands:/home/gusgm/sexto/Puzzlebot/reto/install/seguidor_triangular_OLC/lib/python3.10/site-packages:${PYTHONPATH} /usr/bin/python3 -W ignore:setup.py install is deprecated -W ignore:easy_install command is deprecated setup.py develop --editable --build-directory /home/gusgm/sexto/Puzzlebot/reto/build/seguidor_triangular_OLC/build --no-deps symlink_data
[2.591s] Level 1:colcon.colcon_core.shell:create_environment_hook('interprete', 'pythonpath_develop')
[2.591s] INFO:colcon.colcon_core.shell:Creating environment hook '/home/gusgm/sexto/Puzzlebot/reto/build/interprete/share/interprete/hook/pythonpath_develop.ps1'
[2.591s] DEBUG:colcon.colcon_core.event_handler.log_command:Invoked command in '/home/gusgm/sexto/Puzzlebot/reto/build/interprete' returned '0': PYTHONPATH=/home/gusgm/sexto/Puzzlebot/reto/build/interprete/prefix_override:/usr/lib/python3/dist-packages/colcon_core/task/python/colcon_distutils_commands:/home/gusgm/sexto/Puzzlebot/reto/install/interprete/lib/python3.10/site-packages:${PYTHONPATH} /usr/bin/python3 -W ignore:setup.py install is deprecated -W ignore:easy_install command is deprecated setup.py develop --editable --build-directory /home/gusgm/sexto/Puzzlebot/reto/build/interprete/build --no-deps symlink_data
[2.592s] INFO:colcon.colcon_core.shell:Creating environment descriptor '/home/gusgm/sexto/Puzzlebot/reto/build/interprete/share/interprete/hook/pythonpath_develop.dsv'
[2.592s] INFO:colcon.colcon_core.shell:Creating environment hook '/home/gusgm/sexto/Puzzlebot/reto/build/interprete/share/interprete/hook/pythonpath_develop.sh'
[2.598s] Level 1:colcon.colcon_core.environment:checking '/home/gusgm/sexto/Puzzlebot/reto/install/interprete' for CMake module files
[2.598s] Level 1:colcon.colcon_core.environment:checking '/home/gusgm/sexto/Puzzlebot/reto/install/interprete' for CMake config files
[2.598s] Level 1:colcon.colcon_core.environment:checking '/home/gusgm/sexto/Puzzlebot/reto/install/interprete/lib'
[2.598s] Level 1:colcon.colcon_core.environment:checking '/home/gusgm/sexto/Puzzlebot/reto/install/interprete/bin'
[2.598s] Level 1:colcon.colcon_core.environment:checking '/home/gusgm/sexto/Puzzlebot/reto/install/interprete/lib/pkgconfig/interprete.pc'
[2.599s] Level 1:colcon.colcon_core.environment:checking '/home/gusgm/sexto/Puzzlebot/reto/install/interprete/lib/python3.10/site-packages'
[2.599s] Level 1:colcon.colcon_core.shell:create_environment_hook('interprete', 'pythonpath')
[2.599s] INFO:colcon.colcon_core.shell:Creating environment hook '/home/gusgm/sexto/Puzzlebot/reto/install/interprete/share/interprete/hook/pythonpath.ps1'
[2.599s] INFO:colcon.colcon_core.shell:Creating environment descriptor '/home/gusgm/sexto/Puzzlebot/reto/install/interprete/share/interprete/hook/pythonpath.dsv'
[2.599s] INFO:colcon.colcon_core.shell:Creating environment hook '/home/gusgm/sexto/Puzzlebot/reto/install/interprete/share/interprete/hook/pythonpath.sh'
[2.599s] Level 1:colcon.colcon_core.environment:checking '/home/gusgm/sexto/Puzzlebot/reto/install/interprete/bin'
[2.599s] Level 1:colcon.colcon_core.environment:create_environment_scripts_only(interprete)
[2.600s] INFO:colcon.colcon_core.shell:Creating package script '/home/gusgm/sexto/Puzzlebot/reto/install/interprete/share/interprete/package.ps1'
[2.600s] INFO:colcon.colcon_core.shell:Creating package descriptor '/home/gusgm/sexto/Puzzlebot/reto/install/interprete/share/interprete/package.dsv'
[2.601s] INFO:colcon.colcon_core.shell:Creating package script '/home/gusgm/sexto/Puzzlebot/reto/install/interprete/share/interprete/package.sh'
[2.601s] INFO:colcon.colcon_core.shell:Creating package script '/home/gusgm/sexto/Puzzlebot/reto/install/interprete/share/interprete/package.bash'
[2.602s] INFO:colcon.colcon_core.shell:Creating package script '/home/gusgm/sexto/Puzzlebot/reto/install/interprete/share/interprete/package.zsh'
[2.602s] Level 1:colcon.colcon_core.environment:create_file_with_runtime_dependencies(/home/gusgm/sexto/Puzzlebot/reto/install/interprete/share/colcon-core/packages/interprete)
[2.603s] Level 1:colcon.colcon_core.shell:create_environment_hook('seguidor_poligonos', 'pythonpath_develop')
[2.604s] INFO:colcon.colcon_core.shell:Creating environment hook '/home/gusgm/sexto/Puzzlebot/reto/build/seguidor_poligonos/share/seguidor_poligonos/hook/pythonpath_develop.ps1'
[2.604s] DEBUG:colcon.colcon_core.event_handler.log_command:Invoked command in '/home/gusgm/sexto/Puzzlebot/reto/build/seguidor_poligonos' returned '0': PYTHONPATH=/home/gusgm/sexto/Puzzlebot/reto/build/seguidor_poligonos/prefix_override:/usr/lib/python3/dist-packages/colcon_core/task/python/colcon_distutils_commands:/home/gusgm/sexto/Puzzlebot/reto/install/seguidor_poligonos/lib/python3.10/site-packages:${PYTHONPATH} /usr/bin/python3 -W ignore:setup.py install is deprecated -W ignore:easy_install command is deprecated setup.py develop --editable --build-directory /home/gusgm/sexto/Puzzlebot/reto/build/seguidor_poligonos/build --no-deps symlink_data
[2.604s] INFO:colcon.colcon_core.shell:Creating environment descriptor '/home/gusgm/sexto/Puzzlebot/reto/build/seguidor_poligonos/share/seguidor_poligonos/hook/pythonpath_develop.dsv'
[2.605s] INFO:colcon.colcon_core.shell:Creating environment hook '/home/gusgm/sexto/Puzzlebot/reto/build/seguidor_poligonos/share/seguidor_poligonos/hook/pythonpath_develop.sh'
[2.605s] Level 1:colcon.colcon_core.environment:checking '/home/gusgm/sexto/Puzzlebot/reto/install/seguidor_poligonos' for CMake module files
[2.605s] Level 1:colcon.colcon_core.environment:checking '/home/gusgm/sexto/Puzzlebot/reto/install/seguidor_poligonos' for CMake config files
[2.605s] Level 1:colcon.colcon_core.environment:checking '/home/gusgm/sexto/Puzzlebot/reto/install/seguidor_poligonos/lib'
[2.605s] Level 1:colcon.colcon_core.environment:checking '/home/gusgm/sexto/Puzzlebot/reto/install/seguidor_poligonos/bin'
[2.605s] Level 1:colcon.colcon_core.environment:checking '/home/gusgm/sexto/Puzzlebot/reto/install/seguidor_poligonos/lib/pkgconfig/seguidor_poligonos.pc'
[2.605s] Level 1:colcon.colcon_core.environment:checking '/home/gusgm/sexto/Puzzlebot/reto/install/seguidor_poligonos/lib/python3.10/site-packages'
[2.605s] Level 1:colcon.colcon_core.shell:create_environment_hook('seguidor_poligonos', 'pythonpath')
[2.605s] INFO:colcon.colcon_core.shell:Creating environment hook '/home/gusgm/sexto/Puzzlebot/reto/install/seguidor_poligonos/share/seguidor_poligonos/hook/pythonpath.ps1'
[2.606s] INFO:colcon.colcon_core.shell:Creating environment descriptor '/home/gusgm/sexto/Puzzlebot/reto/install/seguidor_poligonos/share/seguidor_poligonos/hook/pythonpath.dsv'
[2.606s] INFO:colcon.colcon_core.shell:Creating environment hook '/home/gusgm/sexto/Puzzlebot/reto/install/seguidor_poligonos/share/seguidor_poligonos/hook/pythonpath.sh'
[2.606s] Level 1:colcon.colcon_core.environment:checking '/home/gusgm/sexto/Puzzlebot/reto/install/seguidor_poligonos/bin'
[2.606s] Level 1:colcon.colcon_core.environment:create_environment_scripts_only(seguidor_poligonos)
[2.606s] INFO:colcon.colcon_core.shell:Creating package script '/home/gusgm/sexto/Puzzlebot/reto/install/seguidor_poligonos/share/seguidor_poligonos/package.ps1'
[2.606s] INFO:colcon.colcon_core.shell:Creating package descriptor '/home/gusgm/sexto/Puzzlebot/reto/install/seguidor_poligonos/share/seguidor_poligonos/package.dsv'
[2.607s] INFO:colcon.colcon_core.shell:Creating package script '/home/gusgm/sexto/Puzzlebot/reto/install/seguidor_poligonos/share/seguidor_poligonos/package.sh'
[2.607s] INFO:colcon.colcon_core.shell:Creating package script '/home/gusgm/sexto/Puzzlebot/reto/install/seguidor_poligonos/share/seguidor_poligonos/package.bash'
[2.607s] INFO:colcon.colcon_core.shell:Creating package script '/home/gusgm/sexto/Puzzlebot/reto/install/seguidor_poligonos/share/seguidor_poligonos/package.zsh'
[2.607s] Level 1:colcon.colcon_core.environment:create_file_with_runtime_dependencies(/home/gusgm/sexto/Puzzlebot/reto/install/seguidor_poligonos/share/colcon-core/packages/seguidor_poligonos)
[2.607s] Level 1:colcon.colcon_core.shell:create_environment_hook('seguidor_triangular_OLC', 'pythonpath_develop')
[2.607s] INFO:colcon.colcon_core.shell:Creating environment hook '/home/gusgm/sexto/Puzzlebot/reto/build/seguidor_triangular_OLC/share/seguidor_triangular_OLC/hook/pythonpath_develop.ps1'
[2.608s] INFO:colcon.colcon_core.shell:Creating environment descriptor '/home/gusgm/sexto/Puzzlebot/reto/build/seguidor_triangular_OLC/share/seguidor_triangular_OLC/hook/pythonpath_develop.dsv'
[2.608s] DEBUG:colcon.colcon_core.event_handler.log_command:Invoked command in '/home/gusgm/sexto/Puzzlebot/reto/build/seguidor_triangular_OLC' returned '0': PYTHONPATH=/home/gusgm/sexto/Puzzlebot/reto/build/seguidor_triangular_OLC/prefix_override:/usr/lib/python3/dist-packages/colcon_core/task/python/colcon_distutils_commands:/home/gusgm/sexto/Puzzlebot/reto/install/seguidor_triangular_OLC/lib/python3.10/site-packages:${PYTHONPATH} /usr/bin/python3 -W ignore:setup.py install is deprecated -W ignore:easy_install command is deprecated setup.py develop --editable --build-directory /home/gusgm/sexto/Puzzlebot/reto/build/seguidor_triangular_OLC/build --no-deps symlink_data
[2.608s] INFO:colcon.colcon_core.shell:Creating environment hook '/home/gusgm/sexto/Puzzlebot/reto/build/seguidor_triangular_OLC/share/seguidor_triangular_OLC/hook/pythonpath_develop.sh'
[2.608s] Level 1:colcon.colcon_core.environment:checking '/home/gusgm/sexto/Puzzlebot/reto/install/seguidor_triangular_OLC' for CMake module files
[2.609s] Level 1:colcon.colcon_core.environment:checking '/home/gusgm/sexto/Puzzlebot/reto/install/seguidor_triangular_OLC' for CMake config files
[2.609s] Level 1:colcon.colcon_core.environment:checking '/home/gusgm/sexto/Puzzlebot/reto/install/seguidor_triangular_OLC/lib'
[2.609s] Level 1:colcon.colcon_core.environment:checking '/home/gusgm/sexto/Puzzlebot/reto/install/seguidor_triangular_OLC/bin'
[2.609s] Level 1:colcon.colcon_core.environment:checking '/home/gusgm/sexto/Puzzlebot/reto/install/seguidor_triangular_OLC/lib/pkgconfig/seguidor_triangular_OLC.pc'
[2.609s] Level 1:colcon.colcon_core.environment:checking '/home/gusgm/sexto/Puzzlebot/reto/install/seguidor_triangular_OLC/lib/python3.10/site-packages'
[2.609s] Level 1:colcon.colcon_core.shell:create_environment_hook('seguidor_triangular_OLC', 'pythonpath')
[2.609s] INFO:colcon.colcon_core.shell:Creating environment hook '/home/gusgm/sexto/Puzzlebot/reto/install/seguidor_triangular_OLC/share/seguidor_triangular_OLC/hook/pythonpath.ps1'
[2.609s] INFO:colcon.colcon_core.shell:Creating environment descriptor '/home/gusgm/sexto/Puzzlebot/reto/install/seguidor_triangular_OLC/share/seguidor_triangular_OLC/hook/pythonpath.dsv'
[2.609s] INFO:colcon.colcon_core.shell:Creating environment hook '/home/gusgm/sexto/Puzzlebot/reto/install/seguidor_triangular_OLC/share/seguidor_triangular_OLC/hook/pythonpath.sh'
[2.610s] Level 1:colcon.colcon_core.environment:checking '/home/gusgm/sexto/Puzzlebot/reto/install/seguidor_triangular_OLC/bin'
[2.610s] Level 1:colcon.colcon_core.environment:create_environment_scripts_only(seguidor_triangular_OLC)
[2.610s] INFO:colcon.colcon_core.shell:Creating package script '/home/gusgm/sexto/Puzzlebot/reto/install/seguidor_triangular_OLC/share/seguidor_triangular_OLC/package.ps1'
[2.610s] INFO:colcon.colcon_core.shell:Creating package descriptor '/home/gusgm/sexto/Puzzlebot/reto/install/seguidor_triangular_OLC/share/seguidor_triangular_OLC/package.dsv'
[2.610s] INFO:colcon.colcon_core.shell:Creating package script '/home/gusgm/sexto/Puzzlebot/reto/install/seguidor_triangular_OLC/share/seguidor_triangular_OLC/package.sh'
[2.611s] INFO:colcon.colcon_core.shell:Creating package script '/home/gusgm/sexto/Puzzlebot/reto/install/seguidor_triangular_OLC/share/seguidor_triangular_OLC/package.bash'
[2.611s] INFO:colcon.colcon_core.shell:Creating package script '/home/gusgm/sexto/Puzzlebot/reto/install/seguidor_triangular_OLC/share/seguidor_triangular_OLC/package.zsh'
[2.611s] Level 1:colcon.colcon_core.environment:create_file_with_runtime_dependencies(/home/gusgm/sexto/Puzzlebot/reto/install/seguidor_triangular_OLC/share/colcon-core/packages/seguidor_triangular_OLC)
[2.611s] DEBUG:colcon.colcon_parallel_executor.executor.parallel:closing loop
[2.611s] DEBUG:colcon.colcon_parallel_executor.executor.parallel:loop closed
[2.611s] DEBUG:colcon.colcon_parallel_executor.executor.parallel:run_until_complete finished with '0'
[2.611s] DEBUG:colcon.colcon_core.event_reactor:joining thread
[2.619s] INFO:colcon.colcon_core.plugin_system:Skipping extension 'colcon_notification.desktop_notification.terminal_notifier': Not used on non-Darwin systems
[2.619s] INFO:colcon.colcon_core.plugin_system:Skipping extension 'colcon_notification.desktop_notification.win32': Not used on non-Windows systems
[2.619s] INFO:colcon.colcon_notification.desktop_notification:Sending desktop notification using 'notify2'
[2.634s] DEBUG:colcon.colcon_core.event_reactor:joined thread
[2.634s] INFO:colcon.colcon_core.shell:Creating prefix script '/home/gusgm/sexto/Puzzlebot/reto/install/local_setup.ps1'
[2.635s] INFO:colcon.colcon_core.shell:Creating prefix util module '/home/gusgm/sexto/Puzzlebot/reto/install/_local_setup_util_ps1.py'
[2.636s] INFO:colcon.colcon_core.shell:Creating prefix chain script '/home/gusgm/sexto/Puzzlebot/reto/install/setup.ps1'
[2.641s] INFO:colcon.colcon_core.shell:Creating prefix script '/home/gusgm/sexto/Puzzlebot/reto/install/local_setup.sh'
[2.642s] INFO:colcon.colcon_core.shell:Creating prefix util module '/home/gusgm/sexto/Puzzlebot/reto/install/_local_setup_util_sh.py'
[2.642s] INFO:colcon.colcon_core.shell:Creating prefix chain script '/home/gusgm/sexto/Puzzlebot/reto/install/setup.sh'
[2.648s] INFO:colcon.colcon_core.shell:Creating prefix script '/home/gusgm/sexto/Puzzlebot/reto/install/local_setup.bash'
[2.648s] INFO:colcon.colcon_core.shell:Creating prefix chain script '/home/gusgm/sexto/Puzzlebot/reto/install/setup.bash'
[2.653s] INFO:colcon.colcon_core.shell:Creating prefix script '/home/gusgm/sexto/Puzzlebot/reto/install/local_setup.zsh'
[2.654s] INFO:colcon.colcon_core.shell:Creating prefix chain script '/home/gusgm/sexto/Puzzlebot/reto/install/setup.zsh'
