running develop
running egg_info
creating seguidor_triangular_OLC.egg-info
writing seguidor_triangular_OLC.egg-info/PKG-INFO
writing dependency_links to seguidor_triangular_OLC.egg-info/dependency_links.txt
writing entry points to seguidor_triangular_OLC.egg-info/entry_points.txt
writing requirements to seguidor_triangular_OLC.egg-info/requires.txt
writing top-level names to seguidor_triangular_OLC.egg-info/top_level.txt
writing manifest file 'seguidor_triangular_OLC.egg-info/SOURCES.txt'
reading manifest file 'seguidor_triangular_OLC.egg-info/SOURCES.txt'
writing manifest file 'seguidor_triangular_OLC.egg-info/SOURCES.txt'
running build_ext
Creating /home/gusgm/sexto/Puzzlebot/reto/install/seguidor_triangular_OLC/lib/python3.10/site-packages/seguidor-triangular-OLC.egg-link (link to .)
Installing seguidor_triangular script to /home/gusgm/sexto/Puzzlebot/reto/install/seguidor_triangular_OLC/lib/seguidor_triangular_OLC

Installed /home/gusgm/sexto/Puzzlebot/reto/build/seguidor_triangular_OLC
running symlink_data
creating /home/gusgm/sexto/Puzzlebot/reto/install/seguidor_triangular_OLC/share/ament_index
creating /home/gusgm/sexto/Puzzlebot/reto/install/seguidor_triangular_OLC/share/ament_index/resource_index
creating /home/gusgm/sexto/Puzzlebot/reto/install/seguidor_triangular_OLC/share/ament_index/resource_index/packages
symbolically linking /home/gusgm/sexto/Puzzlebot/reto/build/seguidor_triangular_OLC/resource/seguidor_triangular_OLC -> /home/gusgm/sexto/Puzzlebot/reto/install/seguidor_triangular_OLC/share/ament_index/resource_index/packages
symbolically linking /home/gusgm/sexto/Puzzlebot/reto/build/seguidor_triangular_OLC/package.xml -> /home/gusgm/sexto/Puzzlebot/reto/install/seguidor_triangular_OLC/share/seguidor_triangular_OLC
