[0.939s] Invoking command in '/home/gusgm/sexto/Puzzlebot/reto/build/seguidor_triangular_OLC': PYTHONPATH=/home/gusgm/sexto/Puzzlebot/reto/build/seguidor_triangular_OLC/prefix_override:/usr/lib/python3/dist-packages/colcon_core/task/python/colcon_distutils_commands:/home/gusgm/sexto/Puzzlebot/reto/install/seguidor_triangular_OLC/lib/python3.10/site-packages:${PYTHONPATH} /usr/bin/python3 -W ignore:setup.py install is deprecated -W ignore:easy_install command is deprecated setup.py develop --editable --build-directory /home/gusgm/sexto/Puzzlebot/reto/build/seguidor_triangular_OLC/build --no-deps symlink_data
[1.230s] running develop
[1.384s] running egg_info
[1.384s] creating seguidor_triangular_OLC.egg-info
[1.384s] writing seguidor_triangular_OLC.egg-info/PKG-INFO
[1.384s] writing dependency_links to seguidor_triangular_OLC.egg-info/dependency_links.txt
[1.384s] writing entry points to seguidor_triangular_OLC.egg-info/entry_points.txt
[1.384s] writing requirements to seguidor_triangular_OLC.egg-info/requires.txt
[1.384s] writing top-level names to seguidor_triangular_OLC.egg-info/top_level.txt
[1.384s] writing manifest file 'seguidor_triangular_OLC.egg-info/SOURCES.txt'
[1.384s] reading manifest file 'seguidor_triangular_OLC.egg-info/SOURCES.txt'
[1.385s] writing manifest file 'seguidor_triangular_OLC.egg-info/SOURCES.txt'
[1.388s] running build_ext
[1.388s] Creating /home/gusgm/sexto/Puzzlebot/reto/install/seguidor_triangular_OLC/lib/python3.10/site-packages/seguidor-triangular-OLC.egg-link (link to .)
[1.388s] Installing seguidor_triangular script to /home/gusgm/sexto/Puzzlebot/reto/install/seguidor_triangular_OLC/lib/seguidor_triangular_OLC
[1.388s] 
[1.388s] Installed /home/gusgm/sexto/Puzzlebot/reto/build/seguidor_triangular_OLC
[1.388s] running symlink_data
[1.388s] creating /home/gusgm/sexto/Puzzlebot/reto/install/seguidor_triangular_OLC/share/ament_index
[1.388s] creating /home/gusgm/sexto/Puzzlebot/reto/install/seguidor_triangular_OLC/share/ament_index/resource_index
[1.388s] creating /home/gusgm/sexto/Puzzlebot/reto/install/seguidor_triangular_OLC/share/ament_index/resource_index/packages
[1.388s] symbolically linking /home/gusgm/sexto/Puzzlebot/reto/build/seguidor_triangular_OLC/resource/seguidor_triangular_OLC -> /home/gusgm/sexto/Puzzlebot/reto/install/seguidor_triangular_OLC/share/ament_index/resource_index/packages
[1.388s] symbolically linking /home/gusgm/sexto/Puzzlebot/reto/build/seguidor_triangular_OLC/package.xml -> /home/gusgm/sexto/Puzzlebot/reto/install/seguidor_triangular_OLC/share/seguidor_triangular_OLC
[1.414s] Invoked command in '/home/gusgm/sexto/Puzzlebot/reto/build/seguidor_triangular_OLC' returned '0': PYTHONPATH=/home/gusgm/sexto/Puzzlebot/reto/build/seguidor_triangular_OLC/prefix_override:/usr/lib/python3/dist-packages/colcon_core/task/python/colcon_distutils_commands:/home/gusgm/sexto/Puzzlebot/reto/install/seguidor_triangular_OLC/lib/python3.10/site-packages:${PYTHONPATH} /usr/bin/python3 -W ignore:setup.py install is deprecated -W ignore:easy_install command is deprecated setup.py develop --editable --build-directory /home/gusgm/sexto/Puzzlebot/reto/build/seguidor_triangular_OLC/build --no-deps symlink_data
