[0.112s] DEBUG:colcon:Command line arguments: ['/usr/bin/colcon', 'build', '--symlink-install']
[0.112s] DEBUG:colcon:Parsed command line arguments: Namespace(log_base=None, log_level=None, verb_name='build', build_base='build', install_base='install', merge_install=False, symlink_install=True, test_result_base=None, continue_on_error=False, executor='parallel', parallel_workers=20, event_handlers=None, ignore_user_meta=False, metas=['./colcon.meta'], base_paths=['.'], packages_ignore=None, packages_ignore_regex=None, paths=None, packages_up_to=None, packages_up_to_regex=None, packages_above=None, packages_above_and_dependencies=None, packages_above_depth=None, packages_select_by_dep=None, packages_skip_by_dep=None, packages_skip_up_to=None, packages_select_build_failed=False, packages_skip_build_finished=False, packages_select_test_failures=False, packages_skip_test_passed=False, packages_select=None, packages_skip=None, packages_select_regex=None, packages_skip_regex=None, packages_start=None, packages_end=None, allow_overriding=[], cmake_args=None, cmake_target=None, cmake_target_skip_unavailable=False, cmake_clean_cache=False, cmake_clean_first=False, cmake_force_configure=False, ament_cmake_args=None, catkin_cmake_args=None, catkin_skip_building_tests=False, verb_parser=<colcon_defaults.argument_parser.defaults.DefaultArgumentsDecorator object at 0x7f932de78f10>, verb_extension=<colcon_core.verb.build.BuildVerb object at 0x7f932dfae290>, main=<bound method BuildVerb.main of <colcon_core.verb.build.BuildVerb object at 0x7f932dfae290>>)
[0.242s] Level 1:colcon.colcon_core.package_discovery:discover_packages(colcon_meta) check parameters
[0.242s] Level 1:colcon.colcon_core.package_discovery:discover_packages(recursive) check parameters
[0.242s] Level 1:colcon.colcon_core.package_discovery:discover_packages(ignore) check parameters
[0.242s] Level 1:colcon.colcon_core.package_discovery:discover_packages(path) check parameters
[0.242s] Level 1:colcon.colcon_core.package_discovery:discover_packages(colcon_meta) discover
[0.242s] Level 1:colcon.colcon_core.package_discovery:discover_packages(recursive) discover
[0.242s] INFO:colcon.colcon_core.package_discovery:Crawling recursively for packages in '/home/gusgm/sexto/Puzzlebot/reto'
[0.242s] Level 1:colcon.colcon_core.package_identification:_identify(.) by extensions ['ignore', 'ignore_ament_install']
[0.242s] Level 1:colcon.colcon_core.package_identification:_identify(.) by extension 'ignore'
[0.242s] Level 1:colcon.colcon_core.package_identification:_identify(.) by extension 'ignore_ament_install'
[0.242s] Level 1:colcon.colcon_core.package_identification:_identify(.) by extensions ['colcon_pkg']
[0.242s] Level 1:colcon.colcon_core.package_identification:_identify(.) by extension 'colcon_pkg'
[0.242s] Level 1:colcon.colcon_core.package_identification:_identify(.) by extensions ['colcon_meta']
[0.242s] Level 1:colcon.colcon_core.package_identification:_identify(.) by extension 'colcon_meta'
[0.242s] Level 1:colcon.colcon_core.package_identification:_identify(.) by extensions ['ros']
[0.242s] Level 1:colcon.colcon_core.package_identification:_identify(.) by extension 'ros'
[0.250s] Level 1:colcon.colcon_core.package_identification:_identify(.) by extensions ['cmake', 'python']
[0.250s] Level 1:colcon.colcon_core.package_identification:_identify(.) by extension 'cmake'
[0.250s] Level 1:colcon.colcon_core.package_identification:_identify(.) by extension 'python'
[0.250s] Level 1:colcon.colcon_core.package_identification:_identify(.) by extensions ['python_setup_py']
[0.250s] Level 1:colcon.colcon_core.package_identification:_identify(.) by extension 'python_setup_py'
[0.250s] Level 1:colcon.colcon_core.package_identification:_identify(build) by extensions ['ignore', 'ignore_ament_install']
[0.250s] Level 1:colcon.colcon_core.package_identification:_identify(build) by extension 'ignore'
[0.250s] Level 1:colcon.colcon_core.package_identification:_identify(build) ignored
[0.250s] Level 1:colcon.colcon_core.package_identification:_identify(install) by extensions ['ignore', 'ignore_ament_install']
[0.250s] Level 1:colcon.colcon_core.package_identification:_identify(install) by extension 'ignore'
[0.250s] Level 1:colcon.colcon_core.package_identification:_identify(install) ignored
[0.250s] Level 1:colcon.colcon_core.package_identification:_identify(log) by extensions ['ignore', 'ignore_ament_install']
[0.250s] Level 1:colcon.colcon_core.package_identification:_identify(log) by extension 'ignore'
[0.250s] Level 1:colcon.colcon_core.package_identification:_identify(log) ignored
[0.250s] Level 1:colcon.colcon_core.package_identification:_identify(src) by extensions ['ignore', 'ignore_ament_install']
[0.250s] Level 1:colcon.colcon_core.package_identification:_identify(src) by extension 'ignore'
[0.250s] Level 1:colcon.colcon_core.package_identification:_identify(src) by extension 'ignore_ament_install'
[0.250s] Level 1:colcon.colcon_core.package_identification:_identify(src) by extensions ['colcon_pkg']
[0.250s] Level 1:colcon.colcon_core.package_identification:_identify(src) by extension 'colcon_pkg'
[0.251s] Level 1:colcon.colcon_core.package_identification:_identify(src) by extensions ['colcon_meta']
[0.251s] Level 1:colcon.colcon_core.package_identification:_identify(src) by extension 'colcon_meta'
[0.251s] Level 1:colcon.colcon_core.package_identification:_identify(src) by extensions ['ros']
[0.251s] Level 1:colcon.colcon_core.package_identification:_identify(src) by extension 'ros'
[0.251s] Level 1:colcon.colcon_core.package_identification:_identify(src) by extensions ['cmake', 'python']
[0.251s] Level 1:colcon.colcon_core.package_identification:_identify(src) by extension 'cmake'
[0.251s] Level 1:colcon.colcon_core.package_identification:_identify(src) by extension 'python'
[0.251s] Level 1:colcon.colcon_core.package_identification:_identify(src) by extensions ['python_setup_py']
[0.251s] Level 1:colcon.colcon_core.package_identification:_identify(src) by extension 'python_setup_py'
[0.251s] Level 1:colcon.colcon_core.package_identification:_identify(src/interprete) by extensions ['ignore', 'ignore_ament_install']
[0.251s] Level 1:colcon.colcon_core.package_identification:_identify(src/interprete) by extension 'ignore'
[0.251s] Level 1:colcon.colcon_core.package_identification:_identify(src/interprete) by extension 'ignore_ament_install'
[0.251s] Level 1:colcon.colcon_core.package_identification:_identify(src/interprete) by extensions ['colcon_pkg']
[0.251s] Level 1:colcon.colcon_core.package_identification:_identify(src/interprete) by extension 'colcon_pkg'
[0.251s] Level 1:colcon.colcon_core.package_identification:_identify(src/interprete) by extensions ['colcon_meta']
[0.251s] Level 1:colcon.colcon_core.package_identification:_identify(src/interprete) by extension 'colcon_meta'
[0.251s] Level 1:colcon.colcon_core.package_identification:_identify(src/interprete) by extensions ['ros']
[0.251s] Level 1:colcon.colcon_core.package_identification:_identify(src/interprete) by extension 'ros'
[0.252s] DEBUG:colcon.colcon_core.package_identification:Package 'src/interprete' with type 'ros.ament_python' and name 'interprete'
[0.252s] Level 1:colcon.colcon_core.package_identification:_identify(src/seguidor_triangular_OLC) by extensions ['ignore', 'ignore_ament_install']
[0.252s] Level 1:colcon.colcon_core.package_identification:_identify(src/seguidor_triangular_OLC) by extension 'ignore'
[0.252s] Level 1:colcon.colcon_core.package_identification:_identify(src/seguidor_triangular_OLC) by extension 'ignore_ament_install'
[0.252s] Level 1:colcon.colcon_core.package_identification:_identify(src/seguidor_triangular_OLC) by extensions ['colcon_pkg']
[0.252s] Level 1:colcon.colcon_core.package_identification:_identify(src/seguidor_triangular_OLC) by extension 'colcon_pkg'
[0.252s] Level 1:colcon.colcon_core.package_identification:_identify(src/seguidor_triangular_OLC) by extensions ['colcon_meta']
[0.252s] Level 1:colcon.colcon_core.package_identification:_identify(src/seguidor_triangular_OLC) by extension 'colcon_meta'
[0.252s] Level 1:colcon.colcon_core.package_identification:_identify(src/seguidor_triangular_OLC) by extensions ['ros']
[0.252s] Level 1:colcon.colcon_core.package_identification:_identify(src/seguidor_triangular_OLC) by extension 'ros'
[0.253s] DEBUG:colcon.colcon_core.package_identification:Package 'src/seguidor_triangular_OLC' with type 'ros.ament_python' and name 'seguidor_triangular_OLC'
[0.253s] Level 1:colcon.colcon_core.package_discovery:discover_packages(recursive) using defaults
[0.253s] Level 1:colcon.colcon_core.package_discovery:discover_packages(ignore) discover
[0.253s] Level 1:colcon.colcon_core.package_discovery:discover_packages(ignore) using defaults
[0.253s] Level 1:colcon.colcon_core.package_discovery:discover_packages(path) discover
[0.253s] Level 1:colcon.colcon_core.package_discovery:discover_packages(path) using defaults
[0.276s] Level 1:colcon.colcon_core.package_discovery:discover_packages(prefix_path) check parameters
[0.276s] Level 1:colcon.colcon_core.package_discovery:discover_packages(prefix_path) discover
[0.281s] DEBUG:colcon.colcon_installed_package_information.package_discovery:Found 12 installed packages in /home/gusgm/turtlebot_ws/install
[0.285s] DEBUG:colcon.colcon_installed_package_information.package_discovery:Found 346 installed packages in /home/gusgm/ros2_humble/install
[0.286s] DEBUG:colcon.colcon_installed_package_information.package_discovery:Found 3 installed packages in /home/gusgm/uros_ws/install
[0.287s] DEBUG:colcon.colcon_installed_package_information.package_discovery:Found 338 installed packages in /opt/ros/humble
[0.292s] Level 1:colcon.colcon_core.package_discovery:discover_packages(prefix_path) using defaults
[0.324s] Level 5:colcon.colcon_core.verb:set package 'interprete' build argument 'cmake_args' from command line to 'None'
[0.324s] Level 5:colcon.colcon_core.verb:set package 'interprete' build argument 'cmake_target' from command line to 'None'
[0.324s] Level 5:colcon.colcon_core.verb:set package 'interprete' build argument 'cmake_target_skip_unavailable' from command line to 'False'
[0.324s] Level 5:colcon.colcon_core.verb:set package 'interprete' build argument 'cmake_clean_cache' from command line to 'False'
[0.324s] Level 5:colcon.colcon_core.verb:set package 'interprete' build argument 'cmake_clean_first' from command line to 'False'
[0.324s] Level 5:colcon.colcon_core.verb:set package 'interprete' build argument 'cmake_force_configure' from command line to 'False'
[0.324s] Level 5:colcon.colcon_core.verb:set package 'interprete' build argument 'ament_cmake_args' from command line to 'None'
[0.324s] Level 5:colcon.colcon_core.verb:set package 'interprete' build argument 'catkin_cmake_args' from command line to 'None'
[0.324s] Level 5:colcon.colcon_core.verb:set package 'interprete' build argument 'catkin_skip_building_tests' from command line to 'False'
[0.324s] DEBUG:colcon.colcon_core.verb:Building package 'interprete' with the following arguments: {'ament_cmake_args': None, 'build_base': '/home/gusgm/sexto/Puzzlebot/reto/build/interprete', 'catkin_cmake_args': None, 'catkin_skip_building_tests': False, 'cmake_args': None, 'cmake_clean_cache': False, 'cmake_clean_first': False, 'cmake_force_configure': False, 'cmake_target': None, 'cmake_target_skip_unavailable': False, 'install_base': '/home/gusgm/sexto/Puzzlebot/reto/install/interprete', 'merge_install': False, 'path': '/home/gusgm/sexto/Puzzlebot/reto/src/interprete', 'symlink_install': True, 'test_result_base': None}
[0.324s] Level 5:colcon.colcon_core.verb:set package 'seguidor_triangular_OLC' build argument 'cmake_args' from command line to 'None'
[0.324s] Level 5:colcon.colcon_core.verb:set package 'seguidor_triangular_OLC' build argument 'cmake_target' from command line to 'None'
[0.324s] Level 5:colcon.colcon_core.verb:set package 'seguidor_triangular_OLC' build argument 'cmake_target_skip_unavailable' from command line to 'False'
[0.324s] Level 5:colcon.colcon_core.verb:set package 'seguidor_triangular_OLC' build argument 'cmake_clean_cache' from command line to 'False'
[0.324s] Level 5:colcon.colcon_core.verb:set package 'seguidor_triangular_OLC' build argument 'cmake_clean_first' from command line to 'False'
[0.324s] Level 5:colcon.colcon_core.verb:set package 'seguidor_triangular_OLC' build argument 'cmake_force_configure' from command line to 'False'
[0.324s] Level 5:colcon.colcon_core.verb:set package 'seguidor_triangular_OLC' build argument 'ament_cmake_args' from command line to 'None'
[0.324s] Level 5:colcon.colcon_core.verb:set package 'seguidor_triangular_OLC' build argument 'catkin_cmake_args' from command line to 'None'
[0.324s] Level 5:colcon.colcon_core.verb:set package 'seguidor_triangular_OLC' build argument 'catkin_skip_building_tests' from command line to 'False'
[0.324s] DEBUG:colcon.colcon_core.verb:Building package 'seguidor_triangular_OLC' with the following arguments: {'ament_cmake_args': None, 'build_base': '/home/gusgm/sexto/Puzzlebot/reto/build/seguidor_triangular_OLC', 'catkin_cmake_args': None, 'catkin_skip_building_tests': False, 'cmake_args': None, 'cmake_clean_cache': False, 'cmake_clean_first': False, 'cmake_force_configure': False, 'cmake_target': None, 'cmake_target_skip_unavailable': False, 'install_base': '/home/gusgm/sexto/Puzzlebot/reto/install/seguidor_triangular_OLC', 'merge_install': False, 'path': '/home/gusgm/sexto/Puzzlebot/reto/src/seguidor_triangular_OLC', 'symlink_install': True, 'test_result_base': None}
[0.324s] INFO:colcon.colcon_core.executor:Executing jobs using 'parallel' executor
[0.325s] DEBUG:colcon.colcon_parallel_executor.executor.parallel:run_until_complete
[0.325s] INFO:colcon.colcon_ros.task.ament_python.build:Building ROS package in '/home/gusgm/sexto/Puzzlebot/reto/src/interprete' with build type 'ament_python'
[0.325s] Level 1:colcon.colcon_core.shell:create_environment_hook('interprete', 'ament_prefix_path')
[0.328s] INFO:colcon.colcon_core.plugin_system:Skipping extension 'colcon_core.shell.bat': Not used on non-Windows systems
[0.328s] INFO:colcon.colcon_core.shell:Creating environment hook '/home/gusgm/sexto/Puzzlebot/reto/install/interprete/share/interprete/hook/ament_prefix_path.ps1'
[0.329s] INFO:colcon.colcon_core.shell:Creating environment descriptor '/home/gusgm/sexto/Puzzlebot/reto/install/interprete/share/interprete/hook/ament_prefix_path.dsv'
[0.329s] INFO:colcon.colcon_core.shell:Creating environment hook '/home/gusgm/sexto/Puzzlebot/reto/install/interprete/share/interprete/hook/ament_prefix_path.sh'
[0.329s] INFO:colcon.colcon_core.shell:Skip shell extension 'powershell' for command environment: Not usable outside of PowerShell
[0.329s] DEBUG:colcon.colcon_core.shell:Skip shell extension 'dsv' for command environment
[0.340s] INFO:colcon.colcon_ros.task.ament_python.build:Building ROS package in '/home/gusgm/sexto/Puzzlebot/reto/src/seguidor_triangular_OLC' with build type 'ament_python'
[0.340s] Level 1:colcon.colcon_core.shell:create_environment_hook('seguidor_triangular_OLC', 'ament_prefix_path')
[0.340s] INFO:colcon.colcon_core.shell:Creating environment hook '/home/gusgm/sexto/Puzzlebot/reto/install/seguidor_triangular_OLC/share/seguidor_triangular_OLC/hook/ament_prefix_path.ps1'
[0.340s] INFO:colcon.colcon_core.shell:Creating environment descriptor '/home/gusgm/sexto/Puzzlebot/reto/install/seguidor_triangular_OLC/share/seguidor_triangular_OLC/hook/ament_prefix_path.dsv'
[0.340s] INFO:colcon.colcon_core.shell:Creating environment hook '/home/gusgm/sexto/Puzzlebot/reto/install/seguidor_triangular_OLC/share/seguidor_triangular_OLC/hook/ament_prefix_path.sh'
[0.341s] INFO:colcon.colcon_core.shell:Skip shell extension 'powershell' for command environment: Not usable outside of PowerShell
[0.341s] DEBUG:colcon.colcon_core.shell:Skip shell extension 'dsv' for command environment
[0.614s] INFO:colcon.colcon_core.task.python.build:Building Python package in '/home/gusgm/sexto/Puzzlebot/reto/src/interprete'
[0.614s] INFO:colcon.colcon_core.shell:Skip shell extension 'powershell' for command environment: Not usable outside of PowerShell
[0.614s] DEBUG:colcon.colcon_core.shell:Skip shell extension 'dsv' for command environment
[0.895s] INFO:colcon.colcon_core.task.python.build:Building Python package in '/home/gusgm/sexto/Puzzlebot/reto/src/seguidor_triangular_OLC'
[0.895s] INFO:colcon.colcon_core.shell:Skip shell extension 'powershell' for command environment: Not usable outside of PowerShell
[0.895s] DEBUG:colcon.colcon_core.shell:Skip shell extension 'dsv' for command environment
[1.273s] DEBUG:colcon.colcon_core.event_handler.log_command:Invoking command in '/home/gusgm/sexto/Puzzlebot/reto/build/interprete': PYTHONPATH=/home/gusgm/sexto/Puzzlebot/reto/build/interprete/prefix_override:/usr/lib/python3/dist-packages/colcon_core/task/python/colcon_distutils_commands:/home/gusgm/sexto/Puzzlebot/reto/install/interprete/lib/python3.10/site-packages:${PYTHONPATH} /usr/bin/python3 -W ignore:setup.py install is deprecated -W ignore:easy_install command is deprecated setup.py develop --editable --build-directory /home/gusgm/sexto/Puzzlebot/reto/build/interprete/build --no-deps symlink_data
[1.279s] DEBUG:colcon.colcon_core.event_handler.log_command:Invoking command in '/home/gusgm/sexto/Puzzlebot/reto/build/seguidor_triangular_OLC': PYTHONPATH=/home/gusgm/sexto/Puzzlebot/reto/build/seguidor_triangular_OLC/prefix_override:/usr/lib/python3/dist-packages/colcon_core/task/python/colcon_distutils_commands:/home/gusgm/sexto/Puzzlebot/reto/install/seguidor_triangular_OLC/lib/python3.10/site-packages:${PYTHONPATH} /usr/bin/python3 -W ignore:setup.py install is deprecated -W ignore:easy_install command is deprecated setup.py develop --editable --build-directory /home/gusgm/sexto/Puzzlebot/reto/build/seguidor_triangular_OLC/build --no-deps symlink_data
[1.745s] Level 1:colcon.colcon_core.shell:create_environment_hook('interprete', 'pythonpath_develop')
[1.745s] INFO:colcon.colcon_core.shell:Creating environment hook '/home/gusgm/sexto/Puzzlebot/reto/build/interprete/share/interprete/hook/pythonpath_develop.ps1'
[1.746s] DEBUG:colcon.colcon_core.event_handler.log_command:Invoked command in '/home/gusgm/sexto/Puzzlebot/reto/build/interprete' returned '0': PYTHONPATH=/home/gusgm/sexto/Puzzlebot/reto/build/interprete/prefix_override:/usr/lib/python3/dist-packages/colcon_core/task/python/colcon_distutils_commands:/home/gusgm/sexto/Puzzlebot/reto/install/interprete/lib/python3.10/site-packages:${PYTHONPATH} /usr/bin/python3 -W ignore:setup.py install is deprecated -W ignore:easy_install command is deprecated setup.py develop --editable --build-directory /home/gusgm/sexto/Puzzlebot/reto/build/interprete/build --no-deps symlink_data
[1.746s] INFO:colcon.colcon_core.shell:Creating environment descriptor '/home/gusgm/sexto/Puzzlebot/reto/build/interprete/share/interprete/hook/pythonpath_develop.dsv'
[1.746s] INFO:colcon.colcon_core.shell:Creating environment hook '/home/gusgm/sexto/Puzzlebot/reto/build/interprete/share/interprete/hook/pythonpath_develop.sh'
[1.750s] Level 1:colcon.colcon_core.environment:checking '/home/gusgm/sexto/Puzzlebot/reto/install/interprete' for CMake module files
[1.750s] Level 1:colcon.colcon_core.environment:checking '/home/gusgm/sexto/Puzzlebot/reto/install/interprete' for CMake config files
[1.750s] Level 1:colcon.colcon_core.environment:checking '/home/gusgm/sexto/Puzzlebot/reto/install/interprete/lib'
[1.750s] Level 1:colcon.colcon_core.environment:checking '/home/gusgm/sexto/Puzzlebot/reto/install/interprete/bin'
[1.750s] Level 1:colcon.colcon_core.environment:checking '/home/gusgm/sexto/Puzzlebot/reto/install/interprete/lib/pkgconfig/interprete.pc'
[1.751s] Level 1:colcon.colcon_core.environment:checking '/home/gusgm/sexto/Puzzlebot/reto/install/interprete/lib/python3.10/site-packages'
[1.751s] Level 1:colcon.colcon_core.shell:create_environment_hook('interprete', 'pythonpath')
[1.751s] INFO:colcon.colcon_core.shell:Creating environment hook '/home/gusgm/sexto/Puzzlebot/reto/install/interprete/share/interprete/hook/pythonpath.ps1'
[1.751s] INFO:colcon.colcon_core.shell:Creating environment descriptor '/home/gusgm/sexto/Puzzlebot/reto/install/interprete/share/interprete/hook/pythonpath.dsv'
[1.751s] INFO:colcon.colcon_core.shell:Creating environment hook '/home/gusgm/sexto/Puzzlebot/reto/install/interprete/share/interprete/hook/pythonpath.sh'
[1.751s] Level 1:colcon.colcon_core.environment:checking '/home/gusgm/sexto/Puzzlebot/reto/install/interprete/bin'
[1.751s] Level 1:colcon.colcon_core.environment:create_environment_scripts_only(interprete)
[1.752s] INFO:colcon.colcon_core.shell:Creating package script '/home/gusgm/sexto/Puzzlebot/reto/install/interprete/share/interprete/package.ps1'
[1.752s] INFO:colcon.colcon_core.shell:Creating package descriptor '/home/gusgm/sexto/Puzzlebot/reto/install/interprete/share/interprete/package.dsv'
[1.752s] INFO:colcon.colcon_core.shell:Creating package script '/home/gusgm/sexto/Puzzlebot/reto/install/interprete/share/interprete/package.sh'
[1.753s] INFO:colcon.colcon_core.shell:Creating package script '/home/gusgm/sexto/Puzzlebot/reto/install/interprete/share/interprete/package.bash'
[1.753s] INFO:colcon.colcon_core.shell:Creating package script '/home/gusgm/sexto/Puzzlebot/reto/install/interprete/share/interprete/package.zsh'
[1.753s] Level 1:colcon.colcon_core.environment:create_file_with_runtime_dependencies(/home/gusgm/sexto/Puzzlebot/reto/install/interprete/share/colcon-core/packages/interprete)
[1.753s] Level 1:colcon.colcon_core.shell:create_environment_hook('seguidor_triangular_OLC', 'pythonpath_develop')
[1.754s] INFO:colcon.colcon_core.shell:Creating environment hook '/home/gusgm/sexto/Puzzlebot/reto/build/seguidor_triangular_OLC/share/seguidor_triangular_OLC/hook/pythonpath_develop.ps1'
[1.754s] INFO:colcon.colcon_core.shell:Creating environment descriptor '/home/gusgm/sexto/Puzzlebot/reto/build/seguidor_triangular_OLC/share/seguidor_triangular_OLC/hook/pythonpath_develop.dsv'
[1.754s] INFO:colcon.colcon_core.shell:Creating environment hook '/home/gusgm/sexto/Puzzlebot/reto/build/seguidor_triangular_OLC/share/seguidor_triangular_OLC/hook/pythonpath_develop.sh'
[1.754s] DEBUG:colcon.colcon_core.event_handler.log_command:Invoked command in '/home/gusgm/sexto/Puzzlebot/reto/build/seguidor_triangular_OLC' returned '0': PYTHONPATH=/home/gusgm/sexto/Puzzlebot/reto/build/seguidor_triangular_OLC/prefix_override:/usr/lib/python3/dist-packages/colcon_core/task/python/colcon_distutils_commands:/home/gusgm/sexto/Puzzlebot/reto/install/seguidor_triangular_OLC/lib/python3.10/site-packages:${PYTHONPATH} /usr/bin/python3 -W ignore:setup.py install is deprecated -W ignore:easy_install command is deprecated setup.py develop --editable --build-directory /home/gusgm/sexto/Puzzlebot/reto/build/seguidor_triangular_OLC/build --no-deps symlink_data
[1.755s] Level 1:colcon.colcon_core.environment:checking '/home/gusgm/sexto/Puzzlebot/reto/install/seguidor_triangular_OLC' for CMake module files
[1.755s] Level 1:colcon.colcon_core.environment:checking '/home/gusgm/sexto/Puzzlebot/reto/install/seguidor_triangular_OLC' for CMake config files
[1.755s] Level 1:colcon.colcon_core.environment:checking '/home/gusgm/sexto/Puzzlebot/reto/install/seguidor_triangular_OLC/lib'
[1.755s] Level 1:colcon.colcon_core.environment:checking '/home/gusgm/sexto/Puzzlebot/reto/install/seguidor_triangular_OLC/bin'
[1.755s] Level 1:colcon.colcon_core.environment:checking '/home/gusgm/sexto/Puzzlebot/reto/install/seguidor_triangular_OLC/lib/pkgconfig/seguidor_triangular_OLC.pc'
[1.755s] Level 1:colcon.colcon_core.environment:checking '/home/gusgm/sexto/Puzzlebot/reto/install/seguidor_triangular_OLC/lib/python3.10/site-packages'
[1.755s] Level 1:colcon.colcon_core.shell:create_environment_hook('seguidor_triangular_OLC', 'pythonpath')
[1.755s] INFO:colcon.colcon_core.shell:Creating environment hook '/home/gusgm/sexto/Puzzlebot/reto/install/seguidor_triangular_OLC/share/seguidor_triangular_OLC/hook/pythonpath.ps1'
[1.755s] INFO:colcon.colcon_core.shell:Creating environment descriptor '/home/gusgm/sexto/Puzzlebot/reto/install/seguidor_triangular_OLC/share/seguidor_triangular_OLC/hook/pythonpath.dsv'
[1.756s] INFO:colcon.colcon_core.shell:Creating environment hook '/home/gusgm/sexto/Puzzlebot/reto/install/seguidor_triangular_OLC/share/seguidor_triangular_OLC/hook/pythonpath.sh'
[1.756s] Level 1:colcon.colcon_core.environment:checking '/home/gusgm/sexto/Puzzlebot/reto/install/seguidor_triangular_OLC/bin'
[1.756s] Level 1:colcon.colcon_core.environment:create_environment_scripts_only(seguidor_triangular_OLC)
[1.756s] INFO:colcon.colcon_core.shell:Creating package script '/home/gusgm/sexto/Puzzlebot/reto/install/seguidor_triangular_OLC/share/seguidor_triangular_OLC/package.ps1'
[1.756s] INFO:colcon.colcon_core.shell:Creating package descriptor '/home/gusgm/sexto/Puzzlebot/reto/install/seguidor_triangular_OLC/share/seguidor_triangular_OLC/package.dsv'
[1.756s] INFO:colcon.colcon_core.shell:Creating package script '/home/gusgm/sexto/Puzzlebot/reto/install/seguidor_triangular_OLC/share/seguidor_triangular_OLC/package.sh'
[1.757s] INFO:colcon.colcon_core.shell:Creating package script '/home/gusgm/sexto/Puzzlebot/reto/install/seguidor_triangular_OLC/share/seguidor_triangular_OLC/package.bash'
[1.757s] INFO:colcon.colcon_core.shell:Creating package script '/home/gusgm/sexto/Puzzlebot/reto/install/seguidor_triangular_OLC/share/seguidor_triangular_OLC/package.zsh'
[1.757s] Level 1:colcon.colcon_core.environment:create_file_with_runtime_dependencies(/home/gusgm/sexto/Puzzlebot/reto/install/seguidor_triangular_OLC/share/colcon-core/packages/seguidor_triangular_OLC)
[1.757s] DEBUG:colcon.colcon_parallel_executor.executor.parallel:closing loop
[1.757s] DEBUG:colcon.colcon_parallel_executor.executor.parallel:loop closed
[1.757s] DEBUG:colcon.colcon_parallel_executor.executor.parallel:run_until_complete finished with '0'
[1.757s] DEBUG:colcon.colcon_core.event_reactor:joining thread
[1.763s] INFO:colcon.colcon_core.plugin_system:Skipping extension 'colcon_notification.desktop_notification.terminal_notifier': Not used on non-Darwin systems
[1.763s] INFO:colcon.colcon_core.plugin_system:Skipping extension 'colcon_notification.desktop_notification.win32': Not used on non-Windows systems
[1.763s] INFO:colcon.colcon_notification.desktop_notification:Sending desktop notification using 'notify2'
[1.771s] DEBUG:colcon.colcon_core.event_reactor:joined thread
[1.771s] INFO:colcon.colcon_core.shell:Creating prefix script '/home/gusgm/sexto/Puzzlebot/reto/install/local_setup.ps1'
[1.772s] INFO:colcon.colcon_core.shell:Creating prefix util module '/home/gusgm/sexto/Puzzlebot/reto/install/_local_setup_util_ps1.py'
[1.772s] INFO:colcon.colcon_core.shell:Creating prefix chain script '/home/gusgm/sexto/Puzzlebot/reto/install/setup.ps1'
[1.777s] INFO:colcon.colcon_core.shell:Creating prefix script '/home/gusgm/sexto/Puzzlebot/reto/install/local_setup.sh'
[1.778s] INFO:colcon.colcon_core.shell:Creating prefix util module '/home/gusgm/sexto/Puzzlebot/reto/install/_local_setup_util_sh.py'
[1.778s] INFO:colcon.colcon_core.shell:Creating prefix chain script '/home/gusgm/sexto/Puzzlebot/reto/install/setup.sh'
[1.783s] INFO:colcon.colcon_core.shell:Creating prefix script '/home/gusgm/sexto/Puzzlebot/reto/install/local_setup.bash'
[1.783s] INFO:colcon.colcon_core.shell:Creating prefix chain script '/home/gusgm/sexto/Puzzlebot/reto/install/setup.bash'
[1.788s] INFO:colcon.colcon_core.shell:Creating prefix script '/home/gusgm/sexto/Puzzlebot/reto/install/local_setup.zsh'
[1.788s] INFO:colcon.colcon_core.shell:Creating prefix chain script '/home/gusgm/sexto/Puzzlebot/reto/install/setup.zsh'
